<?xml version="1.0" encoding="UTF-8"?>
<!-- Generated by org.testng.reporters.JUnitReportReporter -->
<testsuite hostname="Anikesh" failures="0" tests="3" name="com.cicd.demo.Devops_demo.TestClass1" time="16.462" errors="0" timestamp="2022-02-23T01:34:54 IST" skipped="0">
  <testcase classname="com.cicd.demo.Devops_demo.TestClass1" name="test1" time="4.544"/>
  <system-out/>
  <testcase classname="com.cicd.demo.Devops_demo.TestClass1" name="test2" time="4.579"/>
  <system-out/>
  <testcase classname="com.cicd.demo.Devops_demo.TestClass1" name="test3" time="7.339"/>
  <system-out/>
</testsuite> <!-- com.cicd.demo.Devops_demo.TestClass1 -->
