<?xml version="1.0" encoding="UTF-8"?>
<!-- Generated by org.testng.reporters.JUnitReportReporter -->
<testsuite hostname="Anikesh" failures="0" tests="3" name="com.cicd.demo.Devops_demo.TestClass1" time="14.163" errors="0" timestamp="2022-02-23T01:39:49 IST" skipped="0">
  <testcase classname="com.cicd.demo.Devops_demo.TestClass1" name="test3" time="4.219"/>
  <system-out/>
  <testcase classname="com.cicd.demo.Devops_demo.TestClass1" name="test1" time="5.225"/>
  <system-out/>
  <testcase classname="com.cicd.demo.Devops_demo.TestClass1" name="test2" time="4.719"/>
  <system-out/>
</testsuite> <!-- com.cicd.demo.Devops_demo.TestClass1 -->
